<?xml version="1.0" encoding="UTF-8"?>
<!-- Generated by org.testng.reporters.JUnitReportReporter -->
<testsuite hostname="azhar-2.local" failures="0" tests="4" name="restassured.ObjectTest" time="2.839" errors="0" timestamp="2025-05-19T23:47:17 WIB" skipped="0">
  <testcase classname="restassured.ObjectTest" name="addObjectTest" time="0.671"/>
  <testcase classname="restassured.ObjectTest" name="getListAllObjectTest" time="0.800"/>
  <testcase classname="restassured.ObjectTest" name="listOfObjectsById" time="0.637"/>
  <testcase classname="restassured.ObjectTest" name="deleteObjectTest" time="0.731"/>
</testsuite> <!-- restassured.ObjectTest -->
