<?xml version="1.0" encoding="UTF-8"?>
<!-- Generated by org.testng.reporters.JUnitReportReporter -->
<testsuite hostname="azhar-2.local" failures="0" tests="5" name="restassured.ObjectTest" time="3.273" errors="0" timestamp="2025-05-20T00:00:49 WIB" skipped="0">
  <testcase classname="restassured.ObjectTest" name="addObjectTest" time="0.647"/>
  <testcase classname="restassured.ObjectTest" name="getListAllObjectTest" time="0.776"/>
  <testcase classname="restassured.ObjectTest" name="listOfObjectsByIdTest" time="0.628"/>
  <testcase classname="restassured.ObjectTest" name="getSingleObjectTest" time="0.723"/>
  <testcase classname="restassured.ObjectTest" name="deleteObjectTest" time="0.499"/>
</testsuite> <!-- restassured.ObjectTest -->
