<?xml version="1.0" encoding="UTF-8"?>
<!-- Generated by org.testng.reporters.JUnitReportReporter -->
<testsuite hostname="azhar-2.local" failures="0" tests="1" name="restassured.ObjectTest" time="0.674" errors="0" timestamp="2025-05-19T21:28:00 WIB" skipped="0">
  <testcase classname="restassured.ObjectTest" name="addObjectTest" time="0.674"/>
</testsuite> <!-- restassured.ObjectTest -->
