<?xml version="1.0" encoding="UTF-8"?>
<!-- Generated by org.testng.reporters.JUnitReportReporter -->
<testsuite hostname="azhar-2.local" failures="0" tests="1" name="restassured.DepartmentTest" time="1.804" errors="0" timestamp="2025-05-20T01:03:32 WIB" skipped="0">
  <testcase classname="restassured.DepartmentTest" name="getAllDepartmentTest" time="1.804"/>
</testsuite> <!-- restassured.DepartmentTest -->
