<?xml version="1.0" encoding="UTF-8"?>
<!-- Generated by org.testng.reporters.JUnitReportReporter -->
<testsuite hostname="azhar-2.local" failures="0" tests="7" name="restassured.ObjectTest" time="4.911" errors="0" timestamp="2025-05-20T06:34:11 WIB" skipped="0">
  <testcase classname="restassured.ObjectTest" name="updateObjectTest" time="0.618"/>
  <testcase classname="restassured.ObjectTest" name="partiallyUpdateObjectTest" time="0.697"/>
  <testcase classname="restassured.ObjectTest" name="listOfObjectsByIdTest" time="0.628"/>
  <testcase classname="restassured.ObjectTest" name="getListAllObjectTest" time="0.789"/>
  <testcase classname="restassured.ObjectTest" name="addObjectTest" time="0.745"/>
  <testcase classname="restassured.ObjectTest" name="deleteObjectTest" time="0.797"/>
  <testcase classname="restassured.ObjectTest" name="getSingleObjectTest" time="0.637"/>
</testsuite> <!-- restassured.ObjectTest -->
