<?xml version="1.0" encoding="UTF-8"?>
<!-- Generated by org.testng.reporters.JUnitReportReporter -->
<testsuite hostname="azhar-2.local" failures="0" tests="2" name="restassured.AuthenticationTest" time="2.301" errors="0" timestamp="2025-05-20T06:34:11 WIB" skipped="0">
  <testcase classname="restassured.AuthenticationTest" name="loginTest" time="0.695"/>
  <testcase classname="restassured.AuthenticationTest" name="registerTest" time="1.606"/>
</testsuite> <!-- restassured.AuthenticationTest -->
