<?xml version="1.0" encoding="UTF-8"?>
<!-- Generated by org.testng.reporters.JUnitReportReporter -->
<testsuite hostname="azhar-2.local" failures="0" tests="6" name="restassured.ObjectTest" time="4.476" errors="0" timestamp="2025-05-20T00:24:41 WIB" skipped="0">
  <testcase classname="restassured.ObjectTest" name="addObjectTest" time="0.922"/>
  <testcase classname="restassured.ObjectTest" name="getListAllObjectTest" time="0.872"/>
  <testcase classname="restassured.ObjectTest" name="listOfObjectsByIdTest" time="0.725"/>
  <testcase classname="restassured.ObjectTest" name="getSingleObjectTest" time="0.659"/>
  <testcase classname="restassured.ObjectTest" name="updateObjectTest" time="0.652"/>
  <testcase classname="restassured.ObjectTest" name="deleteObjectTest" time="0.646"/>
</testsuite> <!-- restassured.ObjectTest -->
