<?xml version="1.0" encoding="UTF-8"?>
<!-- Generated by org.testng.reporters.JUnitReportReporter -->
<testsuite hostname="azhar-2.local" failures="0" tests="1" name="restassured.AuthenticationTest" time="1.651" errors="0" timestamp="2025-05-18T22:52:45 WIB" skipped="0">
  <testcase classname="restassured.AuthenticationTest" name="loginTest" time="1.651"/>
</testsuite> <!-- restassured.AuthenticationTest -->
