<?xml version="1.0" encoding="UTF-8"?>
<!-- Generated by org.testng.reporters.JUnitReportReporter -->
<testsuite hostname="azhar-2.local" failures="0" tests="7" name="restassured.ObjectTest" time="6.498" errors="0" timestamp="2025-05-20T01:03:32 WIB" skipped="0">
  <testcase classname="restassured.ObjectTest" name="addObjectTest" time="0.653"/>
  <testcase classname="restassured.ObjectTest" name="getListAllObjectTest" time="0.835"/>
  <testcase classname="restassured.ObjectTest" name="listOfObjectsByIdTest" time="2.345"/>
  <testcase classname="restassured.ObjectTest" name="getSingleObjectTest" time="0.651"/>
  <testcase classname="restassured.ObjectTest" name="updateObjectTest" time="0.656"/>
  <testcase classname="restassured.ObjectTest" name="partiallyUpdateObjectTest" time="0.731"/>
  <testcase classname="restassured.ObjectTest" name="deleteObjectTest" time="0.627"/>
</testsuite> <!-- restassured.ObjectTest -->
