<?xml version="1.0" encoding="UTF-8"?>
<!-- Generated by org.testng.reporters.JUnitReportReporter -->
<testsuite hostname="azhar-2.local" failures="0" tests="3" name="restassured.ObjectTest" time="2.080" errors="0" timestamp="2025-05-19T23:09:19 WIB" skipped="0">
  <testcase classname="restassured.ObjectTest" name="addObjectTest" time="0.667"/>
  <testcase classname="restassured.ObjectTest" name="getListAllObjectTest" time="0.756"/>
  <testcase classname="restassured.ObjectTest" name="deleteObjectTest" time="0.657"/>
</testsuite> <!-- restassured.ObjectTest -->
