<?xml version="1.0" encoding="UTF-8"?>
<!-- Generated by org.testng.reporters.JUnitReportReporter -->
<testsuite hostname="azhar-2.local" failures="0" tests="2" name="restassured.ObjectTest" time="1.296" errors="0" timestamp="2025-05-19T21:49:07 WIB" skipped="0">
  <testcase classname="restassured.ObjectTest" name="addObjectTest" time="0.646"/>
  <testcase classname="restassured.ObjectTest" name="deleteObjectTest" time="0.650"/>
</testsuite> <!-- restassured.ObjectTest -->
