<?xml version="1.0" encoding="UTF-8"?>
<!-- Generated by org.testng.reporters.JUnitReportReporter -->
<testsuite hostname="azhar-2.local" failures="0" tests="7" name="restassured.ObjectTest" time="4.834" errors="0" timestamp="2025-05-20T00:41:52 WIB" skipped="0">
  <testcase classname="restassured.ObjectTest" name="addObjectTest" time="0.650"/>
  <testcase classname="restassured.ObjectTest" name="getListAllObjectTest" time="0.796"/>
  <testcase classname="restassured.ObjectTest" name="listOfObjectsByIdTest" time="0.647"/>
  <testcase classname="restassured.ObjectTest" name="getSingleObjectTest" time="0.809"/>
  <testcase classname="restassured.ObjectTest" name="updateObjectTest" time="0.620"/>
  <testcase classname="restassured.ObjectTest" name="partiallyUpdateObjectTest" time="0.663"/>
  <testcase classname="restassured.ObjectTest" name="deleteObjectTest" time="0.649"/>
</testsuite> <!-- restassured.ObjectTest -->
